<?xml version="1.0" encoding="UTF-8"?>
<!-- Generated by org.testng.reporters.JUnitXMLReporter -->
<testsuite ignored="0" hostname="Abhijith" failures="1" tests="1" name="Test" time="6.719" errors="0" timestamp="2024-05-09T16:54:12 IST">
  <testcase classname="listener.TestScript" name="login" time="1.103">
    <failure type="java.lang.AssertionError" message="Home page is not displayed expected [Demo Web Shop] but found [Demo Web Shop. Login]">
      <![CDATA[java.lang.AssertionError: Home page is not displayed expected [Demo Web Shop] but found [Demo Web Shop. Login]
at listener.TestScript.login(TestScript.java:19)
at java.base/java.util.ArrayList.forEach(ArrayList.java:1511)
... Removed 30 stack frames]]>
    </failure>
  </testcase> <!-- login -->
</testsuite> <!-- Test -->
